<?xml version="1.0" encoding="UTF-8"?>
<!-- Generated by org.testng.reporters.JUnitReportReporter -->
<testsuite hostname="DESKTOP-3K35N3U" name="Academy.ValidateNavigationBar" tests="1" failures="0" timestamp="20 Jun 2019 11:08:03 GMT" time="0.125" errors="0">
  <testcase name="basePageNavigation" time="0.125" classname="Academy.ValidateNavigationBar"/>
</testsuite> <!-- Academy.ValidateNavigationBar -->
