<?xml version="1.0" encoding="UTF-8"?>
<!-- Generated by org.testng.reporters.JUnitReportReporter -->
<testsuite hostname="DESKTOP-3K35N3U" name="Academy.HomePage" tests="2" failures="0" timestamp="20 Jun 2019 11:08:03 GMT" time="27.467" errors="0">
  <testcase name="basePageNavigation" time="13.334" classname="Academy.HomePage"/>
  <testcase name="basePageNavigation" time="14.133" classname="Academy.HomePage"/>
</testsuite> <!-- Academy.HomePage -->
